<?xml version="1.0" encoding="UTF-8"?>
<coverage generated="1663008904158" clover="3.2.0">
  <project timestamp="1663008904158" name="All files">
    <metrics statements="26" coveredstatements="17" conditionals="0" coveredconditionals="0" methods="13" coveredmethods="4" elements="39" coveredelements="21" complexity="0" loc="26" ncloc="26" packages="1" files="4" classes="4"/>
    <file name="employee.js" path="C:\Users\Madeleine\Desktop\Bootcamp\challenges\challenge-10-team-profile-generator\roster-ready\lib\employee.js">
      <metrics statements="8" coveredstatements="4" conditionals="0" coveredconditionals="0" methods="5" coveredmethods="1"/>
      <line num="3" count="5" type="stmt"/>
      <line num="4" count="5" type="stmt"/>
      <line num="5" count="5" type="stmt"/>
      <line num="9" count="0" type="stmt"/>
      <line num="13" count="0" type="stmt"/>
      <line num="17" count="0" type="stmt"/>
      <line num="21" count="0" type="stmt"/>
      <line num="25" count="4" type="stmt"/>
    </file>
    <file name="engineer.js" path="C:\Users\Madeleine\Desktop\Bootcamp\challenges\challenge-10-team-profile-generator\roster-ready\lib\engineer.js">
      <metrics statements="7" coveredstatements="5" conditionals="0" coveredconditionals="0" methods="3" coveredmethods="1"/>
      <line num="1" count="1" type="stmt"/>
      <line num="5" count="2" type="stmt"/>
      <line num="6" count="2" type="stmt"/>
      <line num="10" count="0" type="stmt"/>
      <line num="14" count="0" type="stmt"/>
      <line num="18" count="1" type="stmt"/>
      <line num="20" count="1" type="stmt"/>
    </file>
    <file name="intern.js" path="C:\Users\Madeleine\Desktop\Bootcamp\challenges\challenge-10-team-profile-generator\roster-ready\lib\intern.js">
      <metrics statements="6" coveredstatements="4" conditionals="0" coveredconditionals="0" methods="3" coveredmethods="1"/>
      <line num="1" count="1" type="stmt"/>
      <line num="5" count="1" type="stmt"/>
      <line num="6" count="1" type="stmt"/>
      <line num="10" count="0" type="stmt"/>
      <line num="14" count="0" type="stmt"/>
      <line num="18" count="1" type="stmt"/>
    </file>
    <file name="manager.js" path="C:\Users\Madeleine\Desktop\Bootcamp\challenges\challenge-10-team-profile-generator\roster-ready\lib\manager.js">
      <metrics statements="5" coveredstatements="4" conditionals="0" coveredconditionals="0" methods="2" coveredmethods="1"/>
      <line num="1" count="1" type="stmt"/>
      <line num="5" count="1" type="stmt"/>
      <line num="6" count="1" type="stmt"/>
      <line num="10" count="0" type="stmt"/>
      <line num="14" count="1" type="stmt"/>
    </file>
  </project>
</coverage>
