TN:
SF:lib\employee.js
FN:2,(anonymous_0)
FN:8,(anonymous_1)
FN:12,(anonymous_2)
FN:16,(anonymous_3)
FN:20,(anonymous_4)
FNF:5
FNH:1
FNDA:5,(anonymous_0)
FNDA:0,(anonymous_1)
FNDA:0,(anonymous_2)
FNDA:0,(anonymous_3)
FNDA:0,(anonymous_4)
DA:3,5
DA:4,5
DA:5,5
DA:9,0
DA:13,0
DA:17,0
DA:21,0
DA:25,4
LF:8
LH:4
BRF:0
BRH:0
end_of_record
TN:
SF:lib\engineer.js
FN:4,(anonymous_0)
FN:9,(anonymous_1)
FN:13,(anonymous_2)
FNF:3
FNH:1
FNDA:2,(anonymous_0)
FNDA:0,(anonymous_1)
FNDA:0,(anonymous_2)
DA:1,1
DA:5,2
DA:6,2
DA:10,0
DA:14,0
DA:18,1
DA:20,1
LF:7
LH:5
BRF:0
BRH:0
end_of_record
TN:
SF:lib\intern.js
FN:4,(anonymous_0)
FN:9,(anonymous_1)
FN:13,(anonymous_2)
FNF:3
FNH:1
FNDA:1,(anonymous_0)
FNDA:0,(anonymous_1)
FNDA:0,(anonymous_2)
DA:1,1
DA:5,1
DA:6,1
DA:10,0
DA:14,0
DA:18,1
LF:6
LH:4
BRF:0
BRH:0
end_of_record
TN:
SF:lib\manager.js
FN:4,(anonymous_0)
FN:9,(anonymous_1)
FNF:2
FNH:1
FNDA:1,(anonymous_0)
FNDA:0,(anonymous_1)
DA:1,1
DA:5,1
DA:6,1
DA:10,0
DA:14,1
LF:5
LH:4
BRF:0
BRH:0
end_of_record
